<?xml version="1.0" encoding="UTF-8"?>
<!-- Generated by org.testng.reporters.JUnitReportReporter -->
<testsuite hostname="AjayDubey-PC-2.local" failures="0" tests="2" name="automation.sdet.backend.dpdemo.crud.GET.GETRequestNonBDDTestNg" time="2.129" errors="0" timestamp="2024-02-25T00:04:21 IST" skipped="1">
  <testcase classname="automation.sdet.backend.dpdemo.crud.GET.GETRequestNonBDDTestNg" name="getAllBooking" time="2.129"/>
  <testcase classname="automation.sdet.backend.dpdemo.crud.GET.GETRequestNonBDDTestNg" name="testGetAllBookingPositive">
    <skipped/>
  </testcase> <!-- testGetAllBookingPositive -->
</testsuite> <!-- automation.sdet.backend.dpdemo.crud.GET.GETRequestNonBDDTestNg -->
